# JRE version: OpenJDK Runtime Environment (11.0.17+8) (build 11.0.17+8-post-Ubuntu-1ubuntu220.04)
# Java VM: OpenJDK 64-Bit Server VM (11.0.17+8-post-Ubuntu-1ubuntu220.04, mixed mode, sharing, tiered, compressed oops, g1 gc, linux-amd64)
Heap:
 garbage-first heap   total 256000K, used 148174K [0x0000000709600000, 0x0000000800000000)
  region size 1024K, 132 young (135168K), 12 survivors (12288K)
 Metaspace       used 1466K, capacity 4720K, committed 4864K, reserved 1056768K
  class space    used 129K, capacity 444K, committed 512K, reserved 1048576K
GC Heap History (8 events):
Event: 2,978 GC heap before
{Heap before GC invocations=0 (full 0):
 garbage-first heap   total 256000K, used 23244K [0x0000000709600000, 0x0000000800000000)
  region size 1024K, 22 young (22528K), 0 survivors (0K)
 Metaspace       used 1344K, capacity 4720K, committed 4864K, reserved 1056768K
  class space    used 127K, capacity 444K, committed 512K, reserved 1048576K
}
Event: 2,985 GC heap after
{Heap after GC invocations=1 (full 0):
 garbage-first heap   total 256000K, used 1415K [0x0000000709600000, 0x0000000800000000)
  region size 1024K, 1 young (1024K), 1 survivors (1024K)
 Metaspace       used 1344K, capacity 4720K, committed 4864K, reserved 1056768K
  class space    used 127K, capacity 444K, committed 512K, reserved 1048576K
}
Event: 3,695 GC heap before
{Heap before GC invocations=1 (full 0):
 garbage-first heap   total 256000K, used 151943K [0x0000000709600000, 0x0000000800000000)
  region size 1024K, 148 young (151552K), 1 survivors (1024K)
 Metaspace       used 1456K, capacity 4720K, committed 4864K, reserved 1056768K
  class space    used 128K, capacity 444K, committed 512K, reserved 1048576K
}
Event: 3,707 GC heap after
{Heap after GC invocations=2 (full 0):
 garbage-first heap   total 256000K, used 3392K [0x0000000709600000, 0x0000000800000000)
  region size 1024K, 3 young (3072K), 3 survivors (3072K)
 Metaspace       used 1456K, capacity 4720K, committed 4864K, reserved 1056768K
  class space    used 128K, capacity 444K, committed 512K, reserved 1048576K
}
Event: 6,269 GC heap before
{Heap before GC invocations=2 (full 0):
 garbage-first heap   total 256000K, used 151872K [0x0000000709600000, 0x0000000800000000)
  region size 1024K, 148 young (151552K), 3 survivors (3072K)
 Metaspace       used 1457K, capacity 4720K, committed 4864K, reserved 1056768K
  class space    used 128K, capacity 444K, committed 512K, reserved 1048576K
}
Event: 6,282 GC heap after
{Heap after GC invocations=3 (full 0):
 garbage-first heap   total 256000K, used 14387K [0x0000000709600000, 0x0000000800000000)
  region size 1024K, 14 young (14336K), 14 survivors (14336K)
 Metaspace       used 1457K, capacity 4720K, committed 4864K, reserved 1056768K
  class space    used 128K, capacity 444K, committed 512K, reserved 1048576K
}
Event: 9,584 GC heap before
{Heap before GC invocations=3 (full 0):
 garbage-first heap   total 256000K, used 151603K [0x0000000709600000, 0x0000000800000000)
  region size 1024K, 148 young (151552K), 14 survivors (14336K)
 Metaspace       used 1466K, capacity 4720K, committed 4864K, reserved 1056768K
  class space    used 129K, capacity 444K, committed 512K, reserved 1048576K
}
Event: 9,604 GC heap after
{Heap after GC invocations=4 (full 0):
 garbage-first heap   total 256000K, used 26318K [0x0000000709600000, 0x0000000800000000)
  region size 1024K, 12 young (12288K), 12 survivors (12288K)
 Metaspace       used 1466K, capacity 4720K, committed 4864K, reserved 1056768K
  class space    used 129K, capacity 444K, committed 512K, reserved 1048576K
}

